<?xml version="1.0" encoding="UTF-8"?>
<testng-results ignored="0" total="6" passed="6" failed="0" skipped="0">
  <reporter-output>
  </reporter-output>
  <suite started-at="2025-09-09T16:57:17 IST" name="Default suite" finished-at="2025-09-09T16:57:37 IST" duration-ms="19136">
    <groups>
    </groups>
    <test started-at="2025-09-09T16:57:17 IST" name="Default test" finished-at="2025-09-09T16:57:37 IST" duration-ms="19136">
      <class name="tests.Tests">
        <test-method is-config="true" signature="setup()[pri:0, instance:tests.Tests@2362f559]" started-at="2025-09-09T16:57:17 IST" name="setup" finished-at="2025-09-09T16:57:23 IST" duration-ms="5842" status="PASS">
          <reporter-output>
          </reporter-output>
        </test-method> <!-- setup -->
        <test-method signature="Login()[pri:1, instance:tests.Tests@2362f559]" started-at="2025-09-09T16:57:23 IST" name="Login" finished-at="2025-09-09T16:57:25 IST" duration-ms="1314" status="PASS">
          <reporter-output>
          </reporter-output>
        </test-method> <!-- Login -->
        <test-method signature="loanApplicationTest()[pri:2, instance:tests.Tests@2362f559]" started-at="2025-09-09T16:57:25 IST" name="loanApplicationTest" finished-at="2025-09-09T16:57:26 IST" duration-ms="1667" status="PASS">
          <reporter-output>
          </reporter-output>
        </test-method> <!-- loanApplicationTest -->
        <test-method signature="loanAppovalReject()[pri:3, instance:tests.Tests@2362f559]" started-at="2025-09-09T16:57:26 IST" name="loanAppovalReject" finished-at="2025-09-09T16:57:29 IST" duration-ms="2668" status="PASS">
          <reporter-output>
          </reporter-output>
        </test-method> <!-- loanAppovalReject -->
        <test-method signature="fundsTransfer()[pri:4, instance:tests.Tests@2362f559]" started-at="2025-09-09T16:57:29 IST" name="fundsTransfer" finished-at="2025-09-09T16:57:30 IST" duration-ms="1492" status="PASS">
          <reporter-output>
          </reporter-output>
        </test-method> <!-- fundsTransfer -->
        <test-method signature="transctionHistory()[pri:5, instance:tests.Tests@2362f559]" started-at="2025-09-09T16:57:30 IST" name="transctionHistory" finished-at="2025-09-09T16:57:33 IST" duration-ms="2267" status="PASS">
          <reporter-output>
          </reporter-output>
        </test-method> <!-- transctionHistory -->
        <test-method signature="billPayTest()[pri:6, instance:tests.Tests@2362f559]" started-at="2025-09-09T16:57:33 IST" name="billPayTest" finished-at="2025-09-09T16:57:35 IST" duration-ms="2360" status="PASS">
          <reporter-output>
          </reporter-output>
        </test-method> <!-- billPayTest -->
        <test-method is-config="true" signature="teardown()[pri:0, instance:tests.Tests@2362f559]" started-at="2025-09-09T16:57:35 IST" name="teardown" finished-at="2025-09-09T16:57:37 IST" duration-ms="1474" status="PASS">
          <reporter-output>
          </reporter-output>
        </test-method> <!-- teardown -->
      </class> <!-- tests.Tests -->
    </test> <!-- Default test -->
  </suite> <!-- Default suite -->
</testng-results>
